2017-08-10 17:13:57,438 [Worker-4] DEBUG class java.lang.Class - Starting Andmore Common Plugin...
2017-08-10 17:13:57,571 [Worker-4] DEBUG class java.lang.Class - Andmore Common Plugin started.
2017-08-10 17:13:57,571 [Worker-4] DEBUG class java.lang.Class - Starting Andmore Device Services Plugin...
2017-08-10 17:13:57,572 [Worker-4] DEBUG class java.lang.Class - Andmore Device Services Plugin started.
2017-08-10 17:13:57,579 [Worker-4] DEBUG class java.lang.Class - Starting Andmore Plugin...
2017-08-10 17:13:57,581 [Worker-4] DEBUG class java.lang.Class - Andmore Plugin started.
2017-08-10 17:13:57,586 [Worker-4] DEBUG class java.lang.Class - Starting Andmore Emulator Plugin...
2017-08-10 17:13:57,884 [Worker-4] DEBUG class java.lang.Class - Andmore Emulator Plugin started.
2017-08-10 17:13:57,896 [Worker-4] DEBUG class java.lang.Class - Starting Andmore Handset Plugin...
2017-08-10 17:13:57,897 [Worker-4] DEBUG class java.lang.Class - Andmore Handset Plugin started.
2017-08-10 17:13:57,932 [Worker-4] DEBUG class java.lang.Class - Starting Andmore Remote Device Plugin...
2017-08-10 17:13:57,936 [Worker-4] DEBUG class java.lang.Class - Starting Andmore Remote Device Plugin started.
2017-08-10 17:13:57,994 [Worker-4] INFO  Studio for Android - [Status: id=org.eclipse.andmore.android.emulator.status.offline;name=Offline]
2017-08-10 17:13:57,994 [Worker-4] INFO  Studio for Android - [Status: id=org.eclipse.andmore.android.handset.status.handsetonline;name=Online]
2017-08-10 17:13:57,994 [Worker-4] INFO  Studio for Android - [Status: id=INACTIVE;name=INACTIVE]
2017-08-10 17:13:57,994 [Worker-4] INFO  Studio for Android - [Status: id=IDLE;name=IDLE]
2017-08-10 17:13:57,994 [Worker-4] INFO  Studio for Android - [Status: id=org.eclipse.andmore.android.emulator.status.notavailable;name=Not available]
2017-08-10 17:13:57,994 [Worker-4] INFO  Studio for Android - [Status: id=org.eclipse.andmore.android.remote.status.connected;name=Connected]
2017-08-10 17:13:57,994 [Worker-4] INFO  Studio for Android - [Status: id=org.eclipse.andmore.android.remote.status.disconnected;name=Disconnected]
2017-08-10 17:13:57,994 [Worker-4] INFO  Studio for Android - [Status: id=OFF;name=OFF]
2017-08-10 17:13:57,994 [Worker-4] INFO  Studio for Android - [Status: id=org.eclipse.andmore.android.emulator.status.online;name=Online]
2017-08-10 17:13:57,994 [Worker-4] INFO  Studio for Android - [Status: id=org.eclipse.andmore.android.emulator.status.offlineNoData;name=Offline (no user data)]
2017-08-10 17:13:58,543 [Worker-15] DEBUG class org.eclipse.andmore.android.AndroidPlugin - Notify SDK loader listeners
2017-08-10 17:14:00,835 [Worker-9] DEBUG class org.eclipse.andmore.android.AndroidPlugin - Notify SDK loader listeners
2017-08-10 17:16:23,642 [main] DEBUG class java.lang.Class - Starting Eclipse Andmore Database Core Plugin...
2017-08-10 17:16:23,777 [main] DEBUG Studio for Android - JDBC Driver Location:bundleentry://1040.fwk875761527/res/androidjdbc.jar JDBC Driver getBundle().getLocation():reference:file:plugins/org.eclipse.andmore.android.common_0.5.1.201701251432.jar
2017-08-10 17:16:23,778 [main] DEBUG Studio for Android - JDBC Driver Path:F:\Software\eclipse\configuration\org.eclipse.osgi\1040\0\.cp\res\androidjdbc.jar
2017-08-10 17:16:23,778 [main] DEBUG Studio for Android - JDBC Driver Location:bundleentry://1040.fwk875761527/res/androidjdbc.jar JDBC Driver getBundle().getLocation():reference:file:plugins/org.eclipse.andmore.android.common_0.5.1.201701251432.jar
2017-08-10 17:16:23,778 [main] DEBUG Studio for Android - JDBC Driver Path:F:\Software\eclipse\configuration\org.eclipse.osgi\1040\0\.cp\res\androidjdbc.jar
2017-08-10 17:16:23,789 [main] INFO  Studio for Android - Created a JDBC driver instance at Data Tools.
2017-08-10 17:16:23,809 [main] DEBUG class java.lang.Class - Eclipse Andmore Database Core Plugin started.
2017-08-10 17:16:23,809 [main] DEBUG class java.lang.Class - Starting Eclipse Andmore Database Devices Support Plugin...
2017-08-10 17:16:23,818 [main] DEBUG class java.lang.Class - Eclipse Andmore Database Devices Support Plugin started...
2017-08-10 17:16:24,104 [Framework stop] DEBUG Studio for Android - org.eclipse.sequoyah.device.framework.wizard.DeviceWizardPlugin-SHUTDOWN
2017-08-10 17:16:24,632 [Framework stop] DEBUG Studio for Android - org.eclipse.sequoyah.device.service.start.StartServicePlugin-SHUTDOWN
2017-08-10 17:16:24,662 [Framework stop] DEBUG Studio for Android - org.eclipse.sequoyah.device.framework.ui.DeviceUIPlugin-SHUTDOWN
2017-08-10 17:16:24,662 [Framework stop] DEBUG Studio for Android - org.eclipse.sequoyah.device.service.stop.StopServicePlugin-SHUTDOWN
2017-08-10 17:16:24,662 [Framework stop] DEBUG Studio for Android - org.eclipse.sequoyah.device.framework.DevicePlugin-SHUTDOWN
2017-08-10 17:16:42,816 [main] DEBUG class java.lang.Class - Starting Andmore Common Plugin...
2017-08-10 17:16:42,816 [main] DEBUG class java.lang.Class - Andmore Common Plugin started.
2017-08-10 17:16:42,816 [main] DEBUG class java.lang.Class - Starting Eclipse Andmore Database Core Plugin...
2017-08-10 17:16:42,882 [main] DEBUG Studio for Android - JDBC Driver Location:bundleentry://1040.fwk875761527/res/androidjdbc.jar JDBC Driver getBundle().getLocation():reference:file:plugins/org.eclipse.andmore.android.common_0.5.1.201701251432.jar
2017-08-10 17:16:42,883 [main] DEBUG Studio for Android - JDBC Driver Path:F:\Software\eclipse\configuration\org.eclipse.osgi\1040\0\.cp\res\androidjdbc.jar
2017-08-10 17:16:42,883 [main] DEBUG Studio for Android - JDBC Driver Location:bundleentry://1040.fwk875761527/res/androidjdbc.jar JDBC Driver getBundle().getLocation():reference:file:plugins/org.eclipse.andmore.android.common_0.5.1.201701251432.jar
2017-08-10 17:16:42,883 [main] DEBUG Studio for Android - JDBC Driver Path:F:\Software\eclipse\configuration\org.eclipse.osgi\1040\0\.cp\res\androidjdbc.jar
2017-08-10 17:16:42,890 [main] DEBUG class java.lang.Class - Eclipse Andmore Database Core Plugin started.
2017-08-10 17:16:42,890 [main] DEBUG class java.lang.Class - Starting Eclipse Andmore Database Devices Support Plugin...
2017-08-10 17:16:42,893 [main] DEBUG class java.lang.Class - Eclipse Andmore Database Devices Support Plugin started...
